app/build/intermediates/manifest_merge_blame_file/debug/manifest-merger-blame-debug-report.txt
1<?xml version="1.0" encoding="utf-8"?>
2<manifest xmlns:android="http://schemas.android.com/apk/res/android"
3    package="edu.uiuc.cs427app"
4    android:versionCode="1"
5    android:versionName="1.0" >
6
7    <uses-sdk
8        android:minSdkVersion="29"
8-->src/main/AndroidManifest.xml
9        android:targetSdkVersion="32" />
9-->src/main/AndroidManifest.xml
10
11    <uses-permission android:name="android.permission.ACCESS_COARSE_LOCATION" />
11-->src/main/AndroidManifest.xml:5:5-81
11-->src/main/AndroidManifest.xml:5:22-78
12    <uses-permission android:name="android.permission.ACCESS_FINE_LOCATION" />
12-->src/main/AndroidManifest.xml:6:5-79
12-->src/main/AndroidManifest.xml:6:22-76
13    <uses-permission android:name="android.permission.ACCESS_BACKGROUND_LOCATION" />
13-->src/main/AndroidManifest.xml:7:5-85
13-->src/main/AndroidManifest.xml:7:22-82
14
15    <application
15-->src/main/AndroidManifest.xml:9:5-40:19
16        android:allowBackup="true"
16-->src/main/AndroidManifest.xml:10:9-35
17        android:appComponentFactory="androidx.core.app.CoreComponentFactory"
17-->[androidx.core:core:1.5.0] AndroidManifest.xml:24:18-86
18        android:debuggable="true"
19        android:extractNativeLibs="false"
20        android:icon="@mipmap/ic_launcher"
20-->src/main/AndroidManifest.xml:11:9-43
21        android:label="@string/app_name"
21-->src/main/AndroidManifest.xml:12:9-41
22        android:roundIcon="@mipmap/ic_launcher_round"
22-->src/main/AndroidManifest.xml:13:9-54
23        android:supportsRtl="true"
23-->src/main/AndroidManifest.xml:14:9-35
24        android:testOnly="true"
25        android:theme="@style/Theme.MyFirstApp" >
25-->src/main/AndroidManifest.xml:15:9-48
26        <activity
26-->src/main/AndroidManifest.xml:16:9-25:20
27            android:name="edu.uiuc.cs427app.HomeActivity"
27-->src/main/AndroidManifest.xml:17:13-41
28            android:exported="false" >
28-->src/main/AndroidManifest.xml:18:13-37
29            <intent-filter>
29-->src/main/AndroidManifest.xml:19:13-21:29
30                <action android:name="android.intent.action.MAIN" />
30-->src/main/AndroidManifest.xml:20:17-69
30-->src/main/AndroidManifest.xml:20:25-66
31            </intent-filter>
32
33            <meta-data
33-->src/main/AndroidManifest.xml:22:13-24:61
34                android:name="android.app.label"
34-->src/main/AndroidManifest.xml:23:17-49
35                android:resource="@string/username_label" />
35-->src/main/AndroidManifest.xml:24:17-58
36        </activity>
37        <activity
37-->src/main/AndroidManifest.xml:27:9-29:40
38            android:name="edu.uiuc.cs427app.LoginActivity"
38-->src/main/AndroidManifest.xml:28:13-42
39            android:exported="false" />
39-->src/main/AndroidManifest.xml:29:13-37
40        <activity
40-->src/main/AndroidManifest.xml:30:9-38:20
41            android:name="edu.uiuc.cs427app.SignupActivity"
41-->src/main/AndroidManifest.xml:31:13-43
42            android:exported="true" >
42-->src/main/AndroidManifest.xml:32:13-36
43            <intent-filter>
43-->src/main/AndroidManifest.xml:33:13-37:29
44                <action android:name="android.intent.action.MAIN" />
44-->src/main/AndroidManifest.xml:20:17-69
44-->src/main/AndroidManifest.xml:20:25-66
45
46                <category android:name="android.intent.category.LAUNCHER" />
46-->src/main/AndroidManifest.xml:35:17-77
46-->src/main/AndroidManifest.xml:35:27-74
47            </intent-filter>
48        </activity>
49    </application>
50
51</manifest>